<?xml version="1.0" encoding="UTF-8"?>
<!-- Generated by org.testng.reporters.JUnitReportReporter -->
<testsuite skipped="0" hostname="BMDBV" name="genericMethods.LaunchGoogle" tests="1" failures="0" timestamp="01 Apr 2019 06:00:52 GMT" time="16.709" errors="0">
  <testcase name="googleResults" time="16.709" classname="genericMethods.LaunchGoogle"/>
</testsuite> <!-- genericMethods.LaunchGoogle -->
