<?xml version="1.0" encoding="UTF-8"?>
<!-- Generated by org.testng.reporters.JUnitReportReporter -->
<testsuite skipped="0" hostname="BMDBV" name="genericMethods.LaunchGoogle" tests="1" failures="0" timestamp="27 Mar 2019 10:10:15 GMT" time="10.957" errors="0">
  <testcase name="googleResults" time="10.957" classname="genericMethods.LaunchGoogle"/>
</testsuite> <!-- genericMethods.LaunchGoogle -->
